[INFO] Scanning for projects...
[INFO] 
[INFO] --------------< com.herve.intergiciel:myDiscorveryServer >--------------
[INFO] Building myDiscorveryServer 0.0.1-SNAPSHOT
[INFO]   from pom.xml
[INFO] --------------------------------[ jar ]---------------------------------
[INFO] 
[INFO] >>> spring-boot:3.4.4:run (default-cli) > test-compile @ myDiscorveryServer >>>
[INFO] 
[INFO] --- resources:3.3.1:resources (default-resources) @ myDiscorveryServer ---
[INFO] Copying 1 resource from src/main/resources to target/classes
[INFO] Copying 0 resource from src/main/resources to target/classes
[INFO] 
[INFO] --- compiler:3.13.0:compile (default-compile) @ myDiscorveryServer ---
[INFO] Nothing to compile - all classes are up to date.
[INFO] 
[INFO] --- resources:3.3.1:testResources (default-testResources) @ myDiscorveryServer ---
[INFO] skip non existing resourceDirectory /Users/apple/Documents/uvpro/back/pro-mater1/myDiscorveryServer/src/test/resources
[INFO] 
[INFO] --- compiler:3.13.0:testCompile (default-testCompile) @ myDiscorveryServer ---
[INFO] Nothing to compile - all classes are up to date.
[INFO] 
[INFO] <<< spring-boot:3.4.4:run (default-cli) < test-compile @ myDiscorveryServer <<<
[INFO] 
[INFO] 
[INFO] --- spring-boot:3.4.4:run (default-cli) @ myDiscorveryServer ---
[INFO] Attaching agents: []

  .   ____          _            __ _ _
 /\\ / ___'_ __ _ _(_)_ __  __ _ \ \ \ \
( ( )\___ | '_ | '_| | '_ \/ _` | \ \ \ \
 \\/  ___)| |_)| | | | | || (_| |  ) ) ) )
  '  |____| .__|_| |_|_| |_\__, | / / / /
 =========|_|==============|___/=/_/_/_/

 :: Spring Boot ::                (v3.4.4)

2025-07-11T13:47:46.108+01:00  INFO 88949 --- [MyDiscoveryServer] [           main] c.h.i.m.MyDiscorveryServerApplication    : Starting MyDiscorveryServerApplication using Java 23.0.1 with PID 88949 (/Users/apple/Documents/uvpro/back/pro-mater1/myDiscorveryServer/target/classes started by apple in /Users/apple/Documents/uvpro/back/pro-mater1/myDiscorveryServer)
2025-07-11T13:47:46.111+01:00  INFO 88949 --- [MyDiscoveryServer] [           main] c.h.i.m.MyDiscorveryServerApplication    : No active profile set, falling back to 1 default profile: "default"
2025-07-11T13:47:47.046+01:00  INFO 88949 --- [MyDiscoveryServer] [           main] o.s.cloud.context.scope.GenericScope     : BeanFactory id=e8c12164-228b-317f-86ef-3138202e42de
2025-07-11T13:47:47.332+01:00  INFO 88949 --- [MyDiscoveryServer] [           main] o.s.b.w.embedded.tomcat.TomcatWebServer  : Tomcat initialized with port 8761 (http)
2025-07-11T13:47:47.347+01:00  INFO 88949 --- [MyDiscoveryServer] [           main] o.apache.catalina.core.StandardService   : Starting service [Tomcat]
2025-07-11T13:47:47.348+01:00  INFO 88949 --- [MyDiscoveryServer] [           main] o.apache.catalina.core.StandardEngine    : Starting Servlet engine: [Apache Tomcat/10.1.39]
2025-07-11T13:47:47.407+01:00  INFO 88949 --- [MyDiscoveryServer] [           main] o.a.c.c.C.[Tomcat].[localhost].[/]       : Initializing Spring embedded WebApplicationContext
2025-07-11T13:47:47.408+01:00  INFO 88949 --- [MyDiscoveryServer] [           main] w.s.c.ServletWebServerApplicationContext : Root WebApplicationContext: initialization completed in 1235 ms
2025-07-11T13:47:48.300+01:00  INFO 88949 --- [MyDiscoveryServer] [           main] c.n.d.provider.DiscoveryJerseyProvider   : Using JSON encoding codec LegacyJacksonJson
2025-07-11T13:47:48.301+01:00  INFO 88949 --- [MyDiscoveryServer] [           main] c.n.d.provider.DiscoveryJerseyProvider   : Using JSON decoding codec LegacyJacksonJson
2025-07-11T13:47:48.536+01:00  INFO 88949 --- [MyDiscoveryServer] [           main] c.n.d.provider.DiscoveryJerseyProvider   : Using XML encoding codec XStreamXml
2025-07-11T13:47:48.536+01:00  INFO 88949 --- [MyDiscoveryServer] [           main] c.n.d.provider.DiscoveryJerseyProvider   : Using XML decoding codec XStreamXml
2025-07-11T13:47:48.682+01:00  INFO 88949 --- [MyDiscoveryServer] [           main] o.s.v.b.OptionalValidatorFactoryBean     : Failed to set up a Bean Validation provider: jakarta.validation.NoProviderFoundException: Unable to create a Configuration, because no Jakarta Bean Validation provider could be found. Add a provider like Hibernate Validator (RI) to your classpath.
2025-07-11T13:47:49.266+01:00  WARN 88949 --- [MyDiscoveryServer] [           main] iguration$LoadBalancerCaffeineWarnLogger : Spring Cloud LoadBalancer is currently working with the default cache. While this cache implementation is useful for development and tests, it's recommended to use Caffeine cache in production.You can switch to using Caffeine cache, by adding it and org.springframework.cache.caffeine.CaffeineCacheManager to the classpath.
2025-07-11T13:47:49.283+01:00  INFO 88949 --- [MyDiscoveryServer] [           main] o.s.c.n.eureka.InstanceInfoFactory       : Setting initial instance status as: STARTING
2025-07-11T13:47:49.301+01:00  INFO 88949 --- [MyDiscoveryServer] [           main] com.netflix.discovery.DiscoveryClient    : Initializing Eureka in region us-east-1
2025-07-11T13:47:49.301+01:00  INFO 88949 --- [MyDiscoveryServer] [           main] com.netflix.discovery.DiscoveryClient    : Client configured to neither register nor query for data.
2025-07-11T13:47:49.303+01:00  INFO 88949 --- [MyDiscoveryServer] [           main] com.netflix.discovery.DiscoveryClient    : Discovery Client initialized at timestamp 1752238069302 with initial instances count: 0
2025-07-11T13:47:49.343+01:00  INFO 88949 --- [MyDiscoveryServer] [           main] c.n.eureka.DefaultEurekaServerContext    : Initializing ...
2025-07-11T13:47:49.344+01:00  INFO 88949 --- [MyDiscoveryServer] [           main] c.n.eureka.cluster.PeerEurekaNodes       : Adding new peer nodes [http://localhost:8761/eureka/]
2025-07-11T13:47:49.447+01:00  INFO 88949 --- [MyDiscoveryServer] [           main] c.n.d.provider.DiscoveryJerseyProvider   : Using JSON encoding codec LegacyJacksonJson
2025-07-11T13:47:49.447+01:00  INFO 88949 --- [MyDiscoveryServer] [           main] c.n.d.provider.DiscoveryJerseyProvider   : Using JSON decoding codec LegacyJacksonJson
2025-07-11T13:47:49.447+01:00  INFO 88949 --- [MyDiscoveryServer] [           main] c.n.d.provider.DiscoveryJerseyProvider   : Using XML encoding codec XStreamXml
2025-07-11T13:47:49.447+01:00  INFO 88949 --- [MyDiscoveryServer] [           main] c.n.d.provider.DiscoveryJerseyProvider   : Using XML decoding codec XStreamXml
2025-07-11T13:47:49.475+01:00  INFO 88949 --- [MyDiscoveryServer] [           main] c.n.eureka.cluster.PeerEurekaNodes       : Replica node URL:  http://localhost:8761/eureka/
2025-07-11T13:47:49.488+01:00  INFO 88949 --- [MyDiscoveryServer] [           main] c.n.e.registry.AbstractInstanceRegistry  : Finished initializing remote region registries. All known remote regions: []
2025-07-11T13:47:49.488+01:00  INFO 88949 --- [MyDiscoveryServer] [           main] c.n.eureka.DefaultEurekaServerContext    : Initialized
2025-07-11T13:47:49.498+01:00  INFO 88949 --- [MyDiscoveryServer] [           main] o.s.b.a.e.web.EndpointLinksResolver      : Exposing 1 endpoint beneath base path '/actuator'
2025-07-11T13:47:49.539+01:00  INFO 88949 --- [MyDiscoveryServer] [           main] o.s.c.n.e.s.EurekaServiceRegistry        : Registering application MYDISCOVERYSERVER with eureka with status UP
2025-07-11T13:47:49.548+01:00  INFO 88949 --- [MyDiscoveryServer] [       Thread-9] o.s.c.n.e.server.EurekaServerBootstrap   : isAws returned false
2025-07-11T13:47:49.548+01:00  INFO 88949 --- [MyDiscoveryServer] [       Thread-9] o.s.c.n.e.server.EurekaServerBootstrap   : Initialized server context
2025-07-11T13:47:49.548+01:00  INFO 88949 --- [MyDiscoveryServer] [       Thread-9] c.n.e.r.PeerAwareInstanceRegistryImpl    : Got 1 instances from neighboring DS node
2025-07-11T13:47:49.549+01:00  INFO 88949 --- [MyDiscoveryServer] [       Thread-9] c.n.e.r.PeerAwareInstanceRegistryImpl    : Renew threshold is: 1
2025-07-11T13:47:49.549+01:00  INFO 88949 --- [MyDiscoveryServer] [       Thread-9] c.n.e.r.PeerAwareInstanceRegistryImpl    : Changing status to UP
2025-07-11T13:47:49.551+01:00  INFO 88949 --- [MyDiscoveryServer] [       Thread-9] e.s.EurekaServerInitializerConfiguration : Started Eureka Server
2025-07-11T13:47:49.568+01:00  INFO 88949 --- [MyDiscoveryServer] [           main] o.s.b.w.embedded.tomcat.TomcatWebServer  : Tomcat started on port 8761 (http) with context path '/'
2025-07-11T13:47:49.569+01:00  INFO 88949 --- [MyDiscoveryServer] [           main] .s.c.n.e.s.EurekaAutoServiceRegistration : Updating port to 8761
2025-07-11T13:47:49.584+01:00  INFO 88949 --- [MyDiscoveryServer] [           main] c.h.i.m.MyDiscorveryServerApplication    : Started MyDiscorveryServerApplication in 4.042 seconds (process running for 4.619)
2025-07-11T13:48:09.098+01:00  INFO 88949 --- [MyDiscoveryServer] [nio-8761-exec-1] o.a.c.c.C.[Tomcat].[localhost].[/]       : Initializing Spring DispatcherServlet 'dispatcherServlet'
2025-07-11T13:48:09.098+01:00  INFO 88949 --- [MyDiscoveryServer] [nio-8761-exec-1] o.s.web.servlet.DispatcherServlet        : Initializing Servlet 'dispatcherServlet'
2025-07-11T13:48:09.100+01:00  INFO 88949 --- [MyDiscoveryServer] [nio-8761-exec-1] o.s.web.servlet.DispatcherServlet        : Completed initialization in 2 ms
2025-07-11T13:48:19.368+01:00  WARN 88949 --- [MyDiscoveryServer] [nio-8761-exec-6] c.n.e.registry.AbstractInstanceRegistry  : DS: Registry: lease doesn't exist, registering resource: MYCONFIG - herve-mac-os.local:myconfig:8888
2025-07-11T13:48:19.368+01:00  WARN 88949 --- [MyDiscoveryServer] [nio-8761-exec-6] c.n.eureka.resources.InstanceResource    : Not Found (Renew): MYCONFIG - herve-mac-os.local:myconfig:8888
2025-07-11T13:48:19.428+01:00  INFO 88949 --- [MyDiscoveryServer] [nio-8761-exec-7] c.n.e.registry.AbstractInstanceRegistry  : Registered instance MYCONFIG/herve-mac-os.local:myconfig:8888 with status UP (replication=false)
2025-07-11T13:48:19.428+01:00  INFO 88949 --- [MyDiscoveryServer] [nio-8761-exec-8] c.n.e.registry.AbstractInstanceRegistry  : Registered instance MYCONFIG/herve-mac-os.local:myconfig:8888 with status UP (replication=false)
2025-07-11T13:48:20.069+01:00  INFO 88949 --- [MyDiscoveryServer] [nio-8761-exec-9] c.n.e.registry.AbstractInstanceRegistry  : Registered instance MYCONFIG/herve-mac-os.local:myconfig:8888 with status UP (replication=true)
2025-07-11T13:48:49.457+01:00  INFO 88949 --- [MyDiscoveryServer] [nio-8761-exec-5] c.n.e.registry.AbstractInstanceRegistry  : Registered instance MYCONFIG/herve-mac-os.local:myconfig:8888 with status UP (replication=false)
2025-07-11T13:48:49.553+01:00  INFO 88949 --- [MyDiscoveryServer] [a-EvictionTimer] c.n.e.registry.AbstractInstanceRegistry  : Running the evict task with compensationTime 0ms
2025-07-11T13:48:49.958+01:00  INFO 88949 --- [MyDiscoveryServer] [nio-8761-exec-6] c.n.e.registry.AbstractInstanceRegistry  : Registered instance MYCONFIG/herve-mac-os.local:myconfig:8888 with status UP (replication=true)
2025-07-11T13:48:49.961+01:00  WARN 88949 --- [MyDiscoveryServer] [get_localhost-2] c.n.eureka.cluster.ReplicationTask       : The replication of task MYCONFIG/herve-mac-os.local:myconfig:8888:Heartbeat@localhost failed with response code 409
2025-07-11T13:48:49.961+01:00  WARN 88949 --- [MyDiscoveryServer] [get_localhost-2] c.netflix.eureka.cluster.PeerEurekaNode  : Peer wants us to take the instance information from it, since the timestamp differs,Id : herve-mac-os.local:myconfig:8888 My Timestamp : 1752238069298, Peer's timestamp: 1752238129453
2025-07-11T13:48:49.961+01:00  INFO 88949 --- [MyDiscoveryServer] [get_localhost-2] c.n.e.registry.AbstractInstanceRegistry  : Registered instance MYCONFIG/herve-mac-os.local:myconfig:8888 with status UP (replication=true)
2025-07-11T13:49:49.558+01:00  INFO 88949 --- [MyDiscoveryServer] [a-EvictionTimer] c.n.e.registry.AbstractInstanceRegistry  : Running the evict task with compensationTime 5ms
2025-07-11T13:50:49.559+01:00  INFO 88949 --- [MyDiscoveryServer] [a-EvictionTimer] c.n.e.registry.AbstractInstanceRegistry  : Running the evict task with compensationTime 0ms
2025-07-11T13:51:49.563+01:00  INFO 88949 --- [MyDiscoveryServer] [a-EvictionTimer] c.n.e.registry.AbstractInstanceRegistry  : Running the evict task with compensationTime 4ms
2025-07-11T13:52:49.568+01:00  INFO 88949 --- [MyDiscoveryServer] [a-EvictionTimer] c.n.e.registry.AbstractInstanceRegistry  : Running the evict task with compensationTime 4ms
2025-07-11T13:53:49.572+01:00  INFO 88949 --- [MyDiscoveryServer] [a-EvictionTimer] c.n.e.registry.AbstractInstanceRegistry  : Running the evict task with compensationTime 4ms
