[INFO] Scanning for projects...
[INFO] 
[INFO] ---------------< com.herve.intergiciel:PharmacyManager >----------------
[INFO] Building PharmacyManager 0.0.1-SNAPSHOT
[INFO]   from pom.xml
[INFO] --------------------------------[ jar ]---------------------------------
[INFO] 
[INFO] >>> spring-boot:3.4.4:run (default-cli) > test-compile @ PharmacyManager >>>
[INFO] 
[INFO] --- resources:3.3.1:resources (default-resources) @ PharmacyManager ---
[INFO] Copying 1 resource from src/main/resources to target/classes
[INFO] Copying 0 resource from src/main/resources to target/classes
[INFO] 
[INFO] --- compiler:3.13.0:compile (default-compile) @ PharmacyManager ---
[INFO] Nothing to compile - all classes are up to date.
[INFO] 
[INFO] --- resources:3.3.1:testResources (default-testResources) @ PharmacyManager ---
[INFO] skip non existing resourceDirectory /Users/apple/Documents/uvpro/back/pro-mater1/PharmacyManager/src/test/resources
[INFO] 
[INFO] --- compiler:3.13.0:testCompile (default-testCompile) @ PharmacyManager ---
[INFO] Nothing to compile - all classes are up to date.
[INFO] 
[INFO] <<< spring-boot:3.4.4:run (default-cli) < test-compile @ PharmacyManager <<<
[INFO] 
[INFO] 
[INFO] --- spring-boot:3.4.4:run (default-cli) @ PharmacyManager ---
[INFO] Attaching agents: []

  .   ____          _            __ _ _
 /\\ / ___'_ __ _ _(_)_ __  __ _ \ \ \ \
( ( )\___ | '_ | '_| | '_ \/ _` | \ \ \ \
 \\/  ___)| |_)| | | | | || (_| |  ) ) ) )
  '  |____| .__|_| |_|_| |_\__, | / / / /
 =========|_|==============|___/=/_/_/_/

 :: Spring Boot ::                (v3.4.4)

2025-07-14T14:13:07.057+01:00  INFO 96495 --- [pharmacy-service] [           main] c.h.i.P.PharmacyManagerApplication       : Starting PharmacyManagerApplication using Java 23.0.1 with PID 96495 (/Users/apple/Documents/uvpro/back/pro-mater1/PharmacyManager/target/classes started by apple in /Users/apple/Documents/uvpro/back/pro-mater1/PharmacyManager)
2025-07-14T14:13:07.060+01:00  INFO 96495 --- [pharmacy-service] [           main] c.h.i.P.PharmacyManagerApplication       : No active profile set, falling back to 1 default profile: "default"
2025-07-14T14:13:07.299+01:00  INFO 96495 --- [pharmacy-service] [           main] o.s.c.c.c.ConfigServerConfigDataLoader   : Fetching config from server at : http://localhost:8888
2025-07-14T14:13:07.299+01:00  INFO 96495 --- [pharmacy-service] [           main] o.s.c.c.c.ConfigServerConfigDataLoader   : Located environment: name=pharmacy-service, profiles=[default], label=null, version=null, state=null
2025-07-14T14:13:10.330+01:00  INFO 96495 --- [pharmacy-service] [           main] .s.d.r.c.RepositoryConfigurationDelegate : Bootstrapping Spring Data JPA repositories in DEFAULT mode.
2025-07-14T14:13:10.798+01:00  INFO 96495 --- [pharmacy-service] [           main] .s.d.r.c.RepositoryConfigurationDelegate : Finished Spring Data repository scanning in 451 ms. Found 1 JPA repository interface.
2025-07-14T14:13:11.554+01:00  INFO 96495 --- [pharmacy-service] [           main] o.s.cloud.context.scope.GenericScope     : BeanFactory id=08ad590f-2441-3eff-89a5-df9b8f1c402c
2025-07-14T14:13:13.520+01:00  INFO 96495 --- [pharmacy-service] [           main] o.s.b.w.embedded.tomcat.TomcatWebServer  : Tomcat initialized with port 8003 (http)
2025-07-14T14:13:13.556+01:00  INFO 96495 --- [pharmacy-service] [           main] o.apache.catalina.core.StandardService   : Starting service [Tomcat]
2025-07-14T14:13:13.556+01:00  INFO 96495 --- [pharmacy-service] [           main] o.apache.catalina.core.StandardEngine    : Starting Servlet engine: [Apache Tomcat/10.1.39]
2025-07-14T14:13:13.753+01:00  INFO 96495 --- [pharmacy-service] [           main] o.a.c.c.C.[Tomcat].[localhost].[/]       : Initializing Spring embedded WebApplicationContext
2025-07-14T14:13:13.755+01:00  INFO 96495 --- [pharmacy-service] [           main] w.s.c.ServletWebServerApplicationContext : Root WebApplicationContext: initialization completed in 6453 ms
2025-07-14T14:13:14.855+01:00  INFO 96495 --- [pharmacy-service] [           main] o.hibernate.jpa.internal.util.LogHelper  : HHH000204: Processing PersistenceUnitInfo [name: default]
2025-07-14T14:13:14.925+01:00  INFO 96495 --- [pharmacy-service] [           main] org.hibernate.Version                    : HHH000412: Hibernate ORM core version 6.6.11.Final
2025-07-14T14:13:15.078+01:00  INFO 96495 --- [pharmacy-service] [           main] o.h.c.internal.RegionFactoryInitiator    : HHH000026: Second-level cache disabled
2025-07-14T14:13:15.700+01:00  INFO 96495 --- [pharmacy-service] [           main] o.s.o.j.p.SpringPersistenceUnitInfo      : No LoadTimeWeaver setup: ignoring JPA class transformer
2025-07-14T14:13:15.857+01:00  INFO 96495 --- [pharmacy-service] [           main] com.zaxxer.hikari.HikariDataSource       : HikariPool-1 - Starting...
2025-07-14T14:13:16.975+01:00  INFO 96495 --- [pharmacy-service] [           main] com.zaxxer.hikari.pool.HikariPool        : HikariPool-1 - Added connection com.mysql.cj.jdbc.ConnectionImpl@5a5c2889
2025-07-14T14:13:16.981+01:00  INFO 96495 --- [pharmacy-service] [           main] com.zaxxer.hikari.HikariDataSource       : HikariPool-1 - Start completed.
2025-07-14T14:13:17.092+01:00  WARN 96495 --- [pharmacy-service] [           main] org.hibernate.dialect.Dialect            : HHH000511: The 5.7.32 version for [org.hibernate.dialect.MySQLDialect] is no longer supported, hence certain features may not work properly. The minimum supported version is 8.0.0. Check the community dialects project for available legacy versions.
2025-07-14T14:13:17.103+01:00  WARN 96495 --- [pharmacy-service] [           main] org.hibernate.orm.deprecation            : HHH90000025: MySQLDialect does not need to be specified explicitly using 'hibernate.dialect' (remove the property setting and it will be selected by default)
2025-07-14T14:13:17.166+01:00  INFO 96495 --- [pharmacy-service] [           main] org.hibernate.orm.connections.pooling    : HHH10001005: Database info:
	Database JDBC URL [Connecting through datasource 'HikariDataSource (HikariPool-1)']
	Database driver: undefined/unknown
	Database version: 5.7.32
	Autocommit mode: undefined/unknown
	Isolation level: undefined/unknown
	Minimum pool size: undefined/unknown
	Maximum pool size: undefined/unknown
2025-07-14T14:13:19.012+01:00  INFO 96495 --- [pharmacy-service] [           main] o.h.e.t.j.p.i.JtaPlatformInitiator       : HHH000489: No JTA platform available (set 'hibernate.transaction.jta.platform' to enable JTA platform integration)
2025-07-14T14:13:19.132+01:00  INFO 96495 --- [pharmacy-service] [           main] j.LocalContainerEntityManagerFactoryBean : Initialized JPA EntityManagerFactory for persistence unit 'default'
2025-07-14T14:13:20.258+01:00  WARN 96495 --- [pharmacy-service] [           main] JpaBaseConfiguration$JpaWebConfiguration : spring.jpa.open-in-view is enabled by default. Therefore, database queries may be performed during view rendering. Explicitly configure spring.jpa.open-in-view to disable this warning
2025-07-14T14:13:21.652+01:00  INFO 96495 --- [pharmacy-service] [           main] DiscoveryClientOptionalArgsConfiguration : Eureka HTTP Client uses RestTemplate.
2025-07-14T14:13:21.745+01:00  WARN 96495 --- [pharmacy-service] [           main] iguration$LoadBalancerCaffeineWarnLogger : Spring Cloud LoadBalancer is currently working with the default cache. While this cache implementation is useful for development and tests, it's recommended to use Caffeine cache in production.You can switch to using Caffeine cache, by adding it and org.springframework.cache.caffeine.CaffeineCacheManager to the classpath.
2025-07-14T14:13:21.771+01:00  INFO 96495 --- [pharmacy-service] [           main] o.s.b.a.e.web.EndpointLinksResolver      : Exposing 1 endpoint beneath base path '/actuator'
2025-07-14T14:13:21.910+01:00  INFO 96495 --- [pharmacy-service] [           main] o.s.c.n.eureka.InstanceInfoFactory       : Setting initial instance status as: STARTING
2025-07-14T14:13:21.949+01:00  INFO 96495 --- [pharmacy-service] [           main] com.netflix.discovery.DiscoveryClient    : Initializing Eureka in region us-east-1
2025-07-14T14:13:21.954+01:00  INFO 96495 --- [pharmacy-service] [           main] c.n.d.s.r.aws.ConfigClusterResolver      : Resolving eureka endpoints via configuration
2025-07-14T14:13:21.966+01:00  INFO 96495 --- [pharmacy-service] [           main] com.netflix.discovery.DiscoveryClient    : Disable delta property : false
2025-07-14T14:13:21.966+01:00  INFO 96495 --- [pharmacy-service] [           main] com.netflix.discovery.DiscoveryClient    : Single vip registry refresh property : null
2025-07-14T14:13:21.967+01:00  INFO 96495 --- [pharmacy-service] [           main] com.netflix.discovery.DiscoveryClient    : Force full registry fetch : false
2025-07-14T14:13:21.967+01:00  INFO 96495 --- [pharmacy-service] [           main] com.netflix.discovery.DiscoveryClient    : Application is null : false
2025-07-14T14:13:21.967+01:00  INFO 96495 --- [pharmacy-service] [           main] com.netflix.discovery.DiscoveryClient    : Registered Applications size is zero : true
2025-07-14T14:13:21.967+01:00  INFO 96495 --- [pharmacy-service] [           main] com.netflix.discovery.DiscoveryClient    : Application version is -1: true
2025-07-14T14:13:21.967+01:00  INFO 96495 --- [pharmacy-service] [           main] com.netflix.discovery.DiscoveryClient    : Getting all instance registry info from the eureka server
2025-07-14T14:13:22.328+01:00  INFO 96495 --- [pharmacy-service] [           main] com.netflix.discovery.DiscoveryClient    : The response status is 200
2025-07-14T14:13:22.331+01:00  INFO 96495 --- [pharmacy-service] [           main] com.netflix.discovery.DiscoveryClient    : Starting heartbeat executor: renew interval is: 30
2025-07-14T14:13:22.334+01:00  INFO 96495 --- [pharmacy-service] [           main] c.n.discovery.InstanceInfoReplicator     : InstanceInfoReplicator onDemand update allowed rate per min is 4
2025-07-14T14:13:22.344+01:00  INFO 96495 --- [pharmacy-service] [           main] com.netflix.discovery.DiscoveryClient    : Discovery Client initialized at timestamp 1752498802343 with initial instances count: 2
2025-07-14T14:13:22.356+01:00  INFO 96495 --- [pharmacy-service] [           main] o.s.c.n.e.s.EurekaServiceRegistry        : Registering application PHARMACY-SERVICE with eureka with status UP
2025-07-14T14:13:22.358+01:00  INFO 96495 --- [pharmacy-service] [           main] com.netflix.discovery.DiscoveryClient    : Saw local status change event StatusChangeEvent [timestamp=1752498802358, current=UP, previous=STARTING]
2025-07-14T14:13:22.362+01:00  INFO 96495 --- [pharmacy-service] [foReplicator-%d] com.netflix.discovery.DiscoveryClient    : DiscoveryClient_PHARMACY-SERVICE/pharmacy-service:886644f343bba22906149583fc063011: registering service...
2025-07-14T14:13:22.387+01:00  INFO 96495 --- [pharmacy-service] [           main] o.s.b.w.embedded.tomcat.TomcatWebServer  : Tomcat started on port 8003 (http) with context path '/'
2025-07-14T14:13:22.388+01:00  INFO 96495 --- [pharmacy-service] [           main] .s.c.n.e.s.EurekaAutoServiceRegistration : Updating port to 8003
2025-07-14T14:13:22.409+01:00  INFO 96495 --- [pharmacy-service] [foReplicator-%d] com.netflix.discovery.DiscoveryClient    : DiscoveryClient_PHARMACY-SERVICE/pharmacy-service:886644f343bba22906149583fc063011 - registration status: 204
2025-07-14T14:13:22.421+01:00  INFO 96495 --- [pharmacy-service] [           main] c.h.i.P.PharmacyManagerApplication       : Started PharmacyManagerApplication in 18.793 seconds (process running for 20.95)
2025-07-14T14:15:31.249+01:00  INFO 96495 --- [pharmacy-service] [nio-8003-exec-1] o.a.c.c.C.[Tomcat].[localhost].[/]       : Initializing Spring DispatcherServlet 'dispatcherServlet'
2025-07-14T14:15:31.250+01:00  INFO 96495 --- [pharmacy-service] [nio-8003-exec-1] o.s.web.servlet.DispatcherServlet        : Initializing Servlet 'dispatcherServlet'
2025-07-14T14:15:31.252+01:00  INFO 96495 --- [pharmacy-service] [nio-8003-exec-1] o.s.web.servlet.DispatcherServlet        : Completed initialization in 2 ms
2025-07-14T14:15:31.290+01:00  INFO 96495 --- [pharmacy-service] [nio-8003-exec-1] c.h.i.P.Controller.MedicamentController  : Récupération de tous les médicaments
Hibernate: select m1_0.id,m1_0.categorie,m1_0.code,m1_0.date_expiration,m1_0.description,m1_0.fabriquant,m1_0.nom,m1_0.prix_unitaire,m1_0.quantite_stock from medicaments m1_0
2025-07-14T14:15:31.540+01:00  INFO 96495 --- [pharmacy-service] [nio-8003-exec-2] c.h.i.P.Controller.MedicamentController  : Récupération de tous les médicaments
Hibernate: select m1_0.id,m1_0.categorie,m1_0.code,m1_0.date_expiration,m1_0.description,m1_0.fabriquant,m1_0.nom,m1_0.prix_unitaire,m1_0.quantite_stock from medicaments m1_0
2025-07-14T14:15:40.004+01:00  INFO 96495 --- [pharmacy-service] [nio-8003-exec-3] c.h.i.P.Controller.MedicamentController  : Récupération de tous les médicaments
Hibernate: select m1_0.id,m1_0.categorie,m1_0.code,m1_0.date_expiration,m1_0.description,m1_0.fabriquant,m1_0.nom,m1_0.prix_unitaire,m1_0.quantite_stock from medicaments m1_0
2025-07-14T14:15:40.036+01:00  INFO 96495 --- [pharmacy-service] [nio-8003-exec-4] c.h.i.P.Controller.MedicamentController  : Récupération de tous les médicaments
Hibernate: select m1_0.id,m1_0.categorie,m1_0.code,m1_0.date_expiration,m1_0.description,m1_0.fabriquant,m1_0.nom,m1_0.prix_unitaire,m1_0.quantite_stock from medicaments m1_0
2025-07-14T14:15:42.818+01:00  INFO 96495 --- [pharmacy-service] [nio-8003-exec-5] c.h.i.P.Controller.MedicamentController  : Récupération de tous les médicaments
Hibernate: select m1_0.id,m1_0.categorie,m1_0.code,m1_0.date_expiration,m1_0.description,m1_0.fabriquant,m1_0.nom,m1_0.prix_unitaire,m1_0.quantite_stock from medicaments m1_0
2025-07-14T14:15:42.851+01:00  INFO 96495 --- [pharmacy-service] [nio-8003-exec-6] c.h.i.P.Controller.MedicamentController  : Récupération de tous les médicaments
Hibernate: select m1_0.id,m1_0.categorie,m1_0.code,m1_0.date_expiration,m1_0.description,m1_0.fabriquant,m1_0.nom,m1_0.prix_unitaire,m1_0.quantite_stock from medicaments m1_0
2025-07-14T14:15:45.687+01:00  INFO 96495 --- [pharmacy-service] [nio-8003-exec-7] c.h.i.P.Controller.MedicamentController  : Récupération de tous les médicaments
Hibernate: select m1_0.id,m1_0.categorie,m1_0.code,m1_0.date_expiration,m1_0.description,m1_0.fabriquant,m1_0.nom,m1_0.prix_unitaire,m1_0.quantite_stock from medicaments m1_0
2025-07-14T14:15:45.720+01:00  INFO 96495 --- [pharmacy-service] [nio-8003-exec-8] c.h.i.P.Controller.MedicamentController  : Récupération de tous les médicaments
Hibernate: select m1_0.id,m1_0.categorie,m1_0.code,m1_0.date_expiration,m1_0.description,m1_0.fabriquant,m1_0.nom,m1_0.prix_unitaire,m1_0.quantite_stock from medicaments m1_0
2025-07-14T14:17:46.819+01:00  INFO 96495 --- [pharmacy-service] [io-8003-exec-10] c.h.i.P.Controller.MedicamentController  : Récupération de tous les médicaments
Hibernate: select m1_0.id,m1_0.categorie,m1_0.code,m1_0.date_expiration,m1_0.description,m1_0.fabriquant,m1_0.nom,m1_0.prix_unitaire,m1_0.quantite_stock from medicaments m1_0
2025-07-14T14:17:46.851+01:00  INFO 96495 --- [pharmacy-service] [nio-8003-exec-1] c.h.i.P.Controller.MedicamentController  : Récupération de tous les médicaments
Hibernate: select m1_0.id,m1_0.categorie,m1_0.code,m1_0.date_expiration,m1_0.description,m1_0.fabriquant,m1_0.nom,m1_0.prix_unitaire,m1_0.quantite_stock from medicaments m1_0
2025-07-14T14:18:21.956+01:00  INFO 96495 --- [pharmacy-service] [rap-executor-%d] c.n.d.s.r.aws.ConfigClusterResolver      : Resolving eureka endpoints via configuration
2025-07-14T14:23:21.943+01:00  INFO 96495 --- [pharmacy-service] [rap-executor-%d] c.n.d.s.r.aws.ConfigClusterResolver      : Resolving eureka endpoints via configuration
2025-07-14T14:27:46.912+01:00  WARN 96495 --- [pharmacy-service] [l-1 housekeeper] com.zaxxer.hikari.pool.HikariPool        : HikariPool-1 - Retrograde clock change detected (housekeeper delta=29s787ms), soft-evicting connections from pool.
2025-07-14T14:28:21.716+01:00  INFO 96495 --- [pharmacy-service] [rap-executor-%d] c.n.d.s.r.aws.ConfigClusterResolver      : Resolving eureka endpoints via configuration
2025-07-14T14:32:03.055+01:00  INFO 96495 --- [pharmacy-service] [nio-8003-exec-3] c.h.i.P.Controller.MedicamentController  : Récupération de tous les médicaments
Hibernate: select m1_0.id,m1_0.categorie,m1_0.code,m1_0.date_expiration,m1_0.description,m1_0.fabriquant,m1_0.nom,m1_0.prix_unitaire,m1_0.quantite_stock from medicaments m1_0
2025-07-14T14:32:03.080+01:00  INFO 96495 --- [pharmacy-service] [nio-8003-exec-4] c.h.i.P.Controller.MedicamentController  : Récupération de tous les médicaments
Hibernate: select m1_0.id,m1_0.categorie,m1_0.code,m1_0.date_expiration,m1_0.description,m1_0.fabriquant,m1_0.nom,m1_0.prix_unitaire,m1_0.quantite_stock from medicaments m1_0
2025-07-14T14:33:21.704+01:00  INFO 96495 --- [pharmacy-service] [rap-executor-%d] c.n.d.s.r.aws.ConfigClusterResolver      : Resolving eureka endpoints via configuration
2025-07-14T14:38:21.689+01:00  INFO 96495 --- [pharmacy-service] [rap-executor-%d] c.n.d.s.r.aws.ConfigClusterResolver      : Resolving eureka endpoints via configuration
2025-07-14T14:43:21.704+01:00  INFO 96495 --- [pharmacy-service] [rap-executor-%d] c.n.d.s.r.aws.ConfigClusterResolver      : Resolving eureka endpoints via configuration
2025-07-14T14:47:08.432+01:00  INFO 96495 --- [pharmacy-service] [nio-8003-exec-6] c.h.i.P.Controller.MedicamentController  : Récupération de tous les médicaments
Hibernate: select m1_0.id,m1_0.categorie,m1_0.code,m1_0.date_expiration,m1_0.description,m1_0.fabriquant,m1_0.nom,m1_0.prix_unitaire,m1_0.quantite_stock from medicaments m1_0
2025-07-14T14:47:08.451+01:00  INFO 96495 --- [pharmacy-service] [nio-8003-exec-7] c.h.i.P.Controller.MedicamentController  : Récupération de tous les médicaments
Hibernate: select m1_0.id,m1_0.categorie,m1_0.code,m1_0.date_expiration,m1_0.description,m1_0.fabriquant,m1_0.nom,m1_0.prix_unitaire,m1_0.quantite_stock from medicaments m1_0
2025-07-14T14:48:21.691+01:00  INFO 96495 --- [pharmacy-service] [rap-executor-%d] c.n.d.s.r.aws.ConfigClusterResolver      : Resolving eureka endpoints via configuration
2025-07-14T14:53:21.682+01:00  INFO 96495 --- [pharmacy-service] [rap-executor-%d] c.n.d.s.r.aws.ConfigClusterResolver      : Resolving eureka endpoints via configuration
2025-07-14T14:57:46.866+01:00  WARN 96495 --- [pharmacy-service] [l-1 housekeeper] com.zaxxer.hikari.pool.HikariPool        : HikariPool-1 - Retrograde clock change detected (housekeeper delta=29s828ms), soft-evicting connections from pool.
2025-07-14T14:58:21.493+01:00  INFO 96495 --- [pharmacy-service] [rap-executor-%d] c.n.d.s.r.aws.ConfigClusterResolver      : Resolving eureka endpoints via configuration
2025-07-14T15:03:21.478+01:00  INFO 96495 --- [pharmacy-service] [rap-executor-%d] c.n.d.s.r.aws.ConfigClusterResolver      : Resolving eureka endpoints via configuration
2025-07-14T15:06:30.963+01:00  INFO 96495 --- [pharmacy-service] [nio-8003-exec-9] c.h.i.P.Controller.MedicamentController  : Récupération de tous les médicaments
Hibernate: select m1_0.id,m1_0.categorie,m1_0.code,m1_0.date_expiration,m1_0.description,m1_0.fabriquant,m1_0.nom,m1_0.prix_unitaire,m1_0.quantite_stock from medicaments m1_0
2025-07-14T15:06:30.988+01:00  INFO 96495 --- [pharmacy-service] [io-8003-exec-10] c.h.i.P.Controller.MedicamentController  : Récupération de tous les médicaments
Hibernate: select m1_0.id,m1_0.categorie,m1_0.code,m1_0.date_expiration,m1_0.description,m1_0.fabriquant,m1_0.nom,m1_0.prix_unitaire,m1_0.quantite_stock from medicaments m1_0
2025-07-14T15:08:21.467+01:00  INFO 96495 --- [pharmacy-service] [rap-executor-%d] c.n.d.s.r.aws.ConfigClusterResolver      : Resolving eureka endpoints via configuration
2025-07-14T15:11:56.147+01:00  INFO 96495 --- [pharmacy-service] [nio-8003-exec-2] c.h.i.P.Controller.MedicamentController  : Récupération de tous les médicaments
Hibernate: select m1_0.id,m1_0.categorie,m1_0.code,m1_0.date_expiration,m1_0.description,m1_0.fabriquant,m1_0.nom,m1_0.prix_unitaire,m1_0.quantite_stock from medicaments m1_0
2025-07-14T15:11:56.166+01:00  INFO 96495 --- [pharmacy-service] [nio-8003-exec-3] c.h.i.P.Controller.MedicamentController  : Récupération de tous les médicaments
Hibernate: select m1_0.id,m1_0.categorie,m1_0.code,m1_0.date_expiration,m1_0.description,m1_0.fabriquant,m1_0.nom,m1_0.prix_unitaire,m1_0.quantite_stock from medicaments m1_0
2025-07-14T15:13:21.394+01:00  INFO 96495 --- [pharmacy-service] [rap-executor-%d] c.n.d.s.r.aws.ConfigClusterResolver      : Resolving eureka endpoints via configuration
2025-07-14T15:18:21.380+01:00  INFO 96495 --- [pharmacy-service] [rap-executor-%d] c.n.d.s.r.aws.ConfigClusterResolver      : Resolving eureka endpoints via configuration
2025-07-14T15:23:21.368+01:00  INFO 96495 --- [pharmacy-service] [rap-executor-%d] c.n.d.s.r.aws.ConfigClusterResolver      : Resolving eureka endpoints via configuration
2025-07-14T15:28:21.711+01:00  INFO 96495 --- [pharmacy-service] [rap-executor-%d] c.n.d.s.r.aws.ConfigClusterResolver      : Resolving eureka endpoints via configuration
2025-07-14T15:33:21.726+01:00  INFO 96495 --- [pharmacy-service] [rap-executor-%d] c.n.d.s.r.aws.ConfigClusterResolver      : Resolving eureka endpoints via configuration
2025-07-14T15:34:13.187+01:00  INFO 96495 --- [pharmacy-service] [nio-8003-exec-5] c.h.i.P.Controller.MedicamentController  : Récupération de tous les médicaments
Hibernate: select m1_0.id,m1_0.categorie,m1_0.code,m1_0.date_expiration,m1_0.description,m1_0.fabriquant,m1_0.nom,m1_0.prix_unitaire,m1_0.quantite_stock from medicaments m1_0
2025-07-14T15:34:13.206+01:00  INFO 96495 --- [pharmacy-service] [nio-8003-exec-6] c.h.i.P.Controller.MedicamentController  : Récupération de tous les médicaments
Hibernate: select m1_0.id,m1_0.categorie,m1_0.code,m1_0.date_expiration,m1_0.description,m1_0.fabriquant,m1_0.nom,m1_0.prix_unitaire,m1_0.quantite_stock from medicaments m1_0
2025-07-14T15:38:21.738+01:00  INFO 96495 --- [pharmacy-service] [rap-executor-%d] c.n.d.s.r.aws.ConfigClusterResolver      : Resolving eureka endpoints via configuration
2025-07-14T15:43:21.960+01:00  INFO 96495 --- [pharmacy-service] [rap-executor-%d] c.n.d.s.r.aws.ConfigClusterResolver      : Resolving eureka endpoints via configuration
2025-07-14T15:48:21.973+01:00  INFO 96495 --- [pharmacy-service] [rap-executor-%d] c.n.d.s.r.aws.ConfigClusterResolver      : Resolving eureka endpoints via configuration
2025-07-14T15:53:21.988+01:00  INFO 96495 --- [pharmacy-service] [rap-executor-%d] c.n.d.s.r.aws.ConfigClusterResolver      : Resolving eureka endpoints via configuration
2025-07-14T15:58:22.098+01:00  INFO 96495 --- [pharmacy-service] [rap-executor-%d] c.n.d.s.r.aws.ConfigClusterResolver      : Resolving eureka endpoints via configuration
2025-07-14T16:03:22.114+01:00  INFO 96495 --- [pharmacy-service] [rap-executor-%d] c.n.d.s.r.aws.ConfigClusterResolver      : Resolving eureka endpoints via configuration
2025-07-14T16:08:22.128+01:00  INFO 96495 --- [pharmacy-service] [rap-executor-%d] c.n.d.s.r.aws.ConfigClusterResolver      : Resolving eureka endpoints via configuration
2025-07-14T16:13:22.159+01:00  INFO 96495 --- [pharmacy-service] [rap-executor-%d] c.n.d.s.r.aws.ConfigClusterResolver      : Resolving eureka endpoints via configuration
2025-07-14T16:18:22.174+01:00  INFO 96495 --- [pharmacy-service] [rap-executor-%d] c.n.d.s.r.aws.ConfigClusterResolver      : Resolving eureka endpoints via configuration
2025-07-14T16:22:31.213+01:00  INFO 96495 --- [pharmacy-service] [nio-8003-exec-8] c.h.i.P.Controller.MedicamentController  : Récupération de tous les médicaments
Hibernate: select m1_0.id,m1_0.categorie,m1_0.code,m1_0.date_expiration,m1_0.description,m1_0.fabriquant,m1_0.nom,m1_0.prix_unitaire,m1_0.quantite_stock from medicaments m1_0
2025-07-14T16:22:31.256+01:00  INFO 96495 --- [pharmacy-service] [nio-8003-exec-9] c.h.i.P.Controller.MedicamentController  : Récupération de tous les médicaments
Hibernate: select m1_0.id,m1_0.categorie,m1_0.code,m1_0.date_expiration,m1_0.description,m1_0.fabriquant,m1_0.nom,m1_0.prix_unitaire,m1_0.quantite_stock from medicaments m1_0
2025-07-14T16:23:22.188+01:00  INFO 96495 --- [pharmacy-service] [rap-executor-%d] c.n.d.s.r.aws.ConfigClusterResolver      : Resolving eureka endpoints via configuration
2025-07-14T16:28:22.150+01:00  INFO 96495 --- [pharmacy-service] [rap-executor-%d] c.n.d.s.r.aws.ConfigClusterResolver      : Resolving eureka endpoints via configuration
2025-07-14T16:33:22.162+01:00  INFO 96495 --- [pharmacy-service] [rap-executor-%d] c.n.d.s.r.aws.ConfigClusterResolver      : Resolving eureka endpoints via configuration
2025-07-14T16:38:22.174+01:00  INFO 96495 --- [pharmacy-service] [rap-executor-%d] c.n.d.s.r.aws.ConfigClusterResolver      : Resolving eureka endpoints via configuration
2025-07-14T16:43:22.162+01:00  INFO 96495 --- [pharmacy-service] [rap-executor-%d] c.n.d.s.r.aws.ConfigClusterResolver      : Resolving eureka endpoints via configuration
2025-07-14T16:48:22.168+01:00  INFO 96495 --- [pharmacy-service] [rap-executor-%d] c.n.d.s.r.aws.ConfigClusterResolver      : Resolving eureka endpoints via configuration
2025-07-14T16:49:37.986+01:00  INFO 96495 --- [pharmacy-service] [nio-8003-exec-1] c.h.i.P.Controller.MedicamentController  : Récupération de tous les médicaments
Hibernate: select m1_0.id,m1_0.categorie,m1_0.code,m1_0.date_expiration,m1_0.description,m1_0.fabriquant,m1_0.nom,m1_0.prix_unitaire,m1_0.quantite_stock from medicaments m1_0
2025-07-14T16:49:38.013+01:00  INFO 96495 --- [pharmacy-service] [nio-8003-exec-2] c.h.i.P.Controller.MedicamentController  : Récupération de tous les médicaments
Hibernate: select m1_0.id,m1_0.categorie,m1_0.code,m1_0.date_expiration,m1_0.description,m1_0.fabriquant,m1_0.nom,m1_0.prix_unitaire,m1_0.quantite_stock from medicaments m1_0
2025-07-14T16:50:44.950+01:00  INFO 96495 --- [pharmacy-service] [nio-8003-exec-4] c.h.i.P.Controller.MedicamentController  : Récupération de tous les médicaments
Hibernate: select m1_0.id,m1_0.categorie,m1_0.code,m1_0.date_expiration,m1_0.description,m1_0.fabriquant,m1_0.nom,m1_0.prix_unitaire,m1_0.quantite_stock from medicaments m1_0
2025-07-14T16:50:44.990+01:00  INFO 96495 --- [pharmacy-service] [nio-8003-exec-5] c.h.i.P.Controller.MedicamentController  : Récupération de tous les médicaments
Hibernate: select m1_0.id,m1_0.categorie,m1_0.code,m1_0.date_expiration,m1_0.description,m1_0.fabriquant,m1_0.nom,m1_0.prix_unitaire,m1_0.quantite_stock from medicaments m1_0
2025-07-14T16:50:51.126+01:00  INFO 96495 --- [pharmacy-service] [nio-8003-exec-6] c.h.i.P.Controller.MedicamentController  : Récupération de tous les médicaments
Hibernate: select m1_0.id,m1_0.categorie,m1_0.code,m1_0.date_expiration,m1_0.description,m1_0.fabriquant,m1_0.nom,m1_0.prix_unitaire,m1_0.quantite_stock from medicaments m1_0
2025-07-14T16:50:51.149+01:00  INFO 96495 --- [pharmacy-service] [nio-8003-exec-7] c.h.i.P.Controller.MedicamentController  : Récupération de tous les médicaments
Hibernate: select m1_0.id,m1_0.categorie,m1_0.code,m1_0.date_expiration,m1_0.description,m1_0.fabriquant,m1_0.nom,m1_0.prix_unitaire,m1_0.quantite_stock from medicaments m1_0
2025-07-14T16:53:22.179+01:00  INFO 96495 --- [pharmacy-service] [rap-executor-%d] c.n.d.s.r.aws.ConfigClusterResolver      : Resolving eureka endpoints via configuration
2025-07-14T16:57:47.950+01:00  WARN 96495 --- [pharmacy-service] [l-1 housekeeper] com.zaxxer.hikari.pool.HikariPool        : HikariPool-1 - Retrograde clock change detected (housekeeper delta=29s759ms), soft-evicting connections from pool.
2025-07-14T16:58:21.938+01:00  INFO 96495 --- [pharmacy-service] [rap-executor-%d] c.n.d.s.r.aws.ConfigClusterResolver      : Resolving eureka endpoints via configuration
2025-07-14T17:03:21.935+01:00  INFO 96495 --- [pharmacy-service] [rap-executor-%d] c.n.d.s.r.aws.ConfigClusterResolver      : Resolving eureka endpoints via configuration
2025-07-14T17:08:21.932+01:00  INFO 96495 --- [pharmacy-service] [rap-executor-%d] c.n.d.s.r.aws.ConfigClusterResolver      : Resolving eureka endpoints via configuration
2025-07-14T17:13:21.890+01:00  INFO 96495 --- [pharmacy-service] [rap-executor-%d] c.n.d.s.r.aws.ConfigClusterResolver      : Resolving eureka endpoints via configuration
2025-07-14T17:18:21.881+01:00  INFO 96495 --- [pharmacy-service] [rap-executor-%d] c.n.d.s.r.aws.ConfigClusterResolver      : Resolving eureka endpoints via configuration
2025-07-14T17:19:00.237+01:00  INFO 96495 --- [pharmacy-service] [nio-8003-exec-9] c.h.i.P.Controller.MedicamentController  : Récupération de tous les médicaments
Hibernate: select m1_0.id,m1_0.categorie,m1_0.code,m1_0.date_expiration,m1_0.description,m1_0.fabriquant,m1_0.nom,m1_0.prix_unitaire,m1_0.quantite_stock from medicaments m1_0
2025-07-14T17:19:00.262+01:00  INFO 96495 --- [pharmacy-service] [io-8003-exec-10] c.h.i.P.Controller.MedicamentController  : Récupération de tous les médicaments
Hibernate: select m1_0.id,m1_0.categorie,m1_0.code,m1_0.date_expiration,m1_0.description,m1_0.fabriquant,m1_0.nom,m1_0.prix_unitaire,m1_0.quantite_stock from medicaments m1_0
2025-07-14T17:21:03.269+01:00  INFO 96495 --- [pharmacy-service] [nio-8003-exec-2] c.h.i.P.Controller.MedicamentController  : Récupération de tous les médicaments
Hibernate: select m1_0.id,m1_0.categorie,m1_0.code,m1_0.date_expiration,m1_0.description,m1_0.fabriquant,m1_0.nom,m1_0.prix_unitaire,m1_0.quantite_stock from medicaments m1_0
2025-07-14T17:21:03.294+01:00  INFO 96495 --- [pharmacy-service] [nio-8003-exec-3] c.h.i.P.Controller.MedicamentController  : Récupération de tous les médicaments
Hibernate: select m1_0.id,m1_0.categorie,m1_0.code,m1_0.date_expiration,m1_0.description,m1_0.fabriquant,m1_0.nom,m1_0.prix_unitaire,m1_0.quantite_stock from medicaments m1_0
2025-07-14T17:23:21.875+01:00  INFO 96495 --- [pharmacy-service] [rap-executor-%d] c.n.d.s.r.aws.ConfigClusterResolver      : Resolving eureka endpoints via configuration
2025-07-14T17:28:21.872+01:00  INFO 96495 --- [pharmacy-service] [rap-executor-%d] c.n.d.s.r.aws.ConfigClusterResolver      : Resolving eureka endpoints via configuration
2025-07-14T17:33:21.866+01:00  INFO 96495 --- [pharmacy-service] [rap-executor-%d] c.n.d.s.r.aws.ConfigClusterResolver      : Resolving eureka endpoints via configuration
2025-07-14T17:38:21.861+01:00  INFO 96495 --- [pharmacy-service] [rap-executor-%d] c.n.d.s.r.aws.ConfigClusterResolver      : Resolving eureka endpoints via configuration
2025-07-14T17:43:21.854+01:00  INFO 96495 --- [pharmacy-service] [rap-executor-%d] c.n.d.s.r.aws.ConfigClusterResolver      : Resolving eureka endpoints via configuration
2025-07-14T17:48:21.847+01:00  INFO 96495 --- [pharmacy-service] [rap-executor-%d] c.n.d.s.r.aws.ConfigClusterResolver      : Resolving eureka endpoints via configuration
2025-07-14T17:53:21.842+01:00  INFO 96495 --- [pharmacy-service] [rap-executor-%d] c.n.d.s.r.aws.ConfigClusterResolver      : Resolving eureka endpoints via configuration
2025-07-14T17:57:48.056+01:00  WARN 96495 --- [pharmacy-service] [l-1 housekeeper] com.zaxxer.hikari.pool.HikariPool        : HikariPool-1 - Retrograde clock change detected (housekeeper delta=29s841ms), soft-evicting connections from pool.
2025-07-14T17:58:21.673+01:00  INFO 96495 --- [pharmacy-service] [rap-executor-%d] c.n.d.s.r.aws.ConfigClusterResolver      : Resolving eureka endpoints via configuration
2025-07-14T18:03:21.659+01:00  INFO 96495 --- [pharmacy-service] [rap-executor-%d] c.n.d.s.r.aws.ConfigClusterResolver      : Resolving eureka endpoints via configuration
2025-07-14T18:08:21.644+01:00  INFO 96495 --- [pharmacy-service] [rap-executor-%d] c.n.d.s.r.aws.ConfigClusterResolver      : Resolving eureka endpoints via configuration
2025-07-14T18:13:21.823+01:00  INFO 96495 --- [pharmacy-service] [rap-executor-%d] c.n.d.s.r.aws.ConfigClusterResolver      : Resolving eureka endpoints via configuration
2025-07-14T18:18:21.816+01:00  INFO 96495 --- [pharmacy-service] [rap-executor-%d] c.n.d.s.r.aws.ConfigClusterResolver      : Resolving eureka endpoints via configuration
2025-07-14T18:23:21.809+01:00  INFO 96495 --- [pharmacy-service] [rap-executor-%d] c.n.d.s.r.aws.ConfigClusterResolver      : Resolving eureka endpoints via configuration
2025-07-14T18:28:21.796+01:00  INFO 96495 --- [pharmacy-service] [rap-executor-%d] c.n.d.s.r.aws.ConfigClusterResolver      : Resolving eureka endpoints via configuration
2025-07-14T18:33:21.789+01:00  INFO 96495 --- [pharmacy-service] [rap-executor-%d] c.n.d.s.r.aws.ConfigClusterResolver      : Resolving eureka endpoints via configuration
2025-07-14T18:38:21.782+01:00  INFO 96495 --- [pharmacy-service] [rap-executor-%d] c.n.d.s.r.aws.ConfigClusterResolver      : Resolving eureka endpoints via configuration
2025-07-14T18:43:21.755+01:00  INFO 96495 --- [pharmacy-service] [rap-executor-%d] c.n.d.s.r.aws.ConfigClusterResolver      : Resolving eureka endpoints via configuration
2025-07-14T18:48:21.746+01:00  INFO 96495 --- [pharmacy-service] [rap-executor-%d] c.n.d.s.r.aws.ConfigClusterResolver      : Resolving eureka endpoints via configuration
2025-07-14T18:53:21.737+01:00  INFO 96495 --- [pharmacy-service] [rap-executor-%d] c.n.d.s.r.aws.ConfigClusterResolver      : Resolving eureka endpoints via configuration
2025-07-14T18:55:24.920+01:00  INFO 96495 --- [pharmacy-service] [nio-8003-exec-5] c.h.i.P.Controller.MedicamentController  : Récupération de tous les médicaments
Hibernate: select m1_0.id,m1_0.categorie,m1_0.code,m1_0.date_expiration,m1_0.description,m1_0.fabriquant,m1_0.nom,m1_0.prix_unitaire,m1_0.quantite_stock from medicaments m1_0
2025-07-14T18:55:24.949+01:00  INFO 96495 --- [pharmacy-service] [nio-8003-exec-6] c.h.i.P.Controller.MedicamentController  : Récupération de tous les médicaments
Hibernate: select m1_0.id,m1_0.categorie,m1_0.code,m1_0.date_expiration,m1_0.description,m1_0.fabriquant,m1_0.nom,m1_0.prix_unitaire,m1_0.quantite_stock from medicaments m1_0
2025-07-14T18:55:33.599+01:00  INFO 96495 --- [pharmacy-service] [nio-8003-exec-7] c.h.i.P.Controller.MedicamentController  : Récupération de tous les médicaments
Hibernate: select m1_0.id,m1_0.categorie,m1_0.code,m1_0.date_expiration,m1_0.description,m1_0.fabriquant,m1_0.nom,m1_0.prix_unitaire,m1_0.quantite_stock from medicaments m1_0
2025-07-14T18:55:33.617+01:00  INFO 96495 --- [pharmacy-service] [nio-8003-exec-8] c.h.i.P.Controller.MedicamentController  : Récupération de tous les médicaments
Hibernate: select m1_0.id,m1_0.categorie,m1_0.code,m1_0.date_expiration,m1_0.description,m1_0.fabriquant,m1_0.nom,m1_0.prix_unitaire,m1_0.quantite_stock from medicaments m1_0
2025-07-14T18:55:43.311+01:00  INFO 96495 --- [pharmacy-service] [nio-8003-exec-9] c.h.i.P.Controller.MedicamentController  : Récupération de tous les médicaments
Hibernate: select m1_0.id,m1_0.categorie,m1_0.code,m1_0.date_expiration,m1_0.description,m1_0.fabriquant,m1_0.nom,m1_0.prix_unitaire,m1_0.quantite_stock from medicaments m1_0
2025-07-14T18:55:43.333+01:00  INFO 96495 --- [pharmacy-service] [io-8003-exec-10] c.h.i.P.Controller.MedicamentController  : Récupération de tous les médicaments
Hibernate: select m1_0.id,m1_0.categorie,m1_0.code,m1_0.date_expiration,m1_0.description,m1_0.fabriquant,m1_0.nom,m1_0.prix_unitaire,m1_0.quantite_stock from medicaments m1_0
2025-07-14T18:55:56.317+01:00  INFO 96495 --- [pharmacy-service] [nio-8003-exec-1] c.h.i.P.Controller.MedicamentController  : Récupération de tous les médicaments
Hibernate: select m1_0.id,m1_0.categorie,m1_0.code,m1_0.date_expiration,m1_0.description,m1_0.fabriquant,m1_0.nom,m1_0.prix_unitaire,m1_0.quantite_stock from medicaments m1_0
2025-07-14T18:55:56.336+01:00  INFO 96495 --- [pharmacy-service] [nio-8003-exec-2] c.h.i.P.Controller.MedicamentController  : Récupération de tous les médicaments
Hibernate: select m1_0.id,m1_0.categorie,m1_0.code,m1_0.date_expiration,m1_0.description,m1_0.fabriquant,m1_0.nom,m1_0.prix_unitaire,m1_0.quantite_stock from medicaments m1_0
2025-07-14T18:56:00.989+01:00  INFO 96495 --- [pharmacy-service] [nio-8003-exec-3] c.h.i.P.Controller.MedicamentController  : Récupération de tous les médicaments
Hibernate: select m1_0.id,m1_0.categorie,m1_0.code,m1_0.date_expiration,m1_0.description,m1_0.fabriquant,m1_0.nom,m1_0.prix_unitaire,m1_0.quantite_stock from medicaments m1_0
2025-07-14T18:56:01.015+01:00  INFO 96495 --- [pharmacy-service] [nio-8003-exec-4] c.h.i.P.Controller.MedicamentController  : Récupération de tous les médicaments
Hibernate: select m1_0.id,m1_0.categorie,m1_0.code,m1_0.date_expiration,m1_0.description,m1_0.fabriquant,m1_0.nom,m1_0.prix_unitaire,m1_0.quantite_stock from medicaments m1_0
2025-07-14T18:56:44.232+01:00  INFO 96495 --- [pharmacy-service] [nio-8003-exec-5] c.h.i.P.Controller.MedicamentController  : Récupération de tous les médicaments
Hibernate: select m1_0.id,m1_0.categorie,m1_0.code,m1_0.date_expiration,m1_0.description,m1_0.fabriquant,m1_0.nom,m1_0.prix_unitaire,m1_0.quantite_stock from medicaments m1_0
2025-07-14T18:56:44.257+01:00  INFO 96495 --- [pharmacy-service] [nio-8003-exec-6] c.h.i.P.Controller.MedicamentController  : Récupération de tous les médicaments
Hibernate: select m1_0.id,m1_0.categorie,m1_0.code,m1_0.date_expiration,m1_0.description,m1_0.fabriquant,m1_0.nom,m1_0.prix_unitaire,m1_0.quantite_stock from medicaments m1_0
2025-07-14T18:58:21.722+01:00  INFO 96495 --- [pharmacy-service] [rap-executor-%d] c.n.d.s.r.aws.ConfigClusterResolver      : Resolving eureka endpoints via configuration
