[INFO] Scanning for projects...
[INFO] 
[INFO] --------------------< herve.pro.intergiciel:dosmed >--------------------
[INFO] Building dosmed 0.0.1-SNAPSHOT
[INFO]   from pom.xml
[INFO] --------------------------------[ jar ]---------------------------------
[INFO] 
[INFO] >>> spring-boot:3.4.4:run (default-cli) > test-compile @ dosmed >>>
[INFO] 
[INFO] --- resources:3.3.1:resources (default-resources) @ dosmed ---
[INFO] Copying 1 resource from src/main/resources to target/classes
[INFO] Copying 0 resource from src/main/resources to target/classes
[INFO] 
[INFO] --- compiler:3.13.0:compile (default-compile) @ dosmed ---
[INFO] Nothing to compile - all classes are up to date.
[INFO] 
[INFO] --- resources:3.3.1:testResources (default-testResources) @ dosmed ---
[INFO] skip non existing resourceDirectory /Users/apple/Documents/uvpro/back/pro-mater1/uploader/src/test/resources
[INFO] 
[INFO] --- compiler:3.13.0:testCompile (default-testCompile) @ dosmed ---
[INFO] Nothing to compile - all classes are up to date.
[INFO] 
[INFO] <<< spring-boot:3.4.4:run (default-cli) < test-compile @ dosmed <<<
[INFO] 
[INFO] 
[INFO] --- spring-boot:3.4.4:run (default-cli) @ dosmed ---
[INFO] Attaching agents: []

  .   ____          _            __ _ _
 /\\ / ___'_ __ _ _(_)_ __  __ _ \ \ \ \
( ( )\___ | '_ | '_| | '_ \/ _` | \ \ \ \
 \\/  ___)| |_)| | | | | || (_| |  ) ) ) )
  '  |____| .__|_| |_|_| |_\__, | / / / /
 =========|_|==============|___/=/_/_/_/

 :: Spring Boot ::                (v3.4.4)

2025-07-14T14:13:15.916+01:00  INFO 96612 --- [uploader-service] [           main] h.p.i.uploader.UploaderApplication       : Starting UploaderApplication using Java 23.0.1 with PID 96612 (/Users/apple/Documents/uvpro/back/pro-mater1/uploader/target/classes started by apple in /Users/apple/Documents/uvpro/back/pro-mater1/uploader)
2025-07-14T14:13:15.937+01:00  INFO 96612 --- [uploader-service] [           main] h.p.i.uploader.UploaderApplication       : No active profile set, falling back to 1 default profile: "default"
2025-07-14T14:13:16.069+01:00  INFO 96612 --- [uploader-service] [           main] o.s.c.c.c.ConfigServerConfigDataLoader   : Fetching config from server at : http://localhost:8888
2025-07-14T14:13:16.070+01:00  INFO 96612 --- [uploader-service] [           main] o.s.c.c.c.ConfigServerConfigDataLoader   : Located environment: name=uploader-service, profiles=[default], label=null, version=null, state=null
2025-07-14T14:13:18.310+01:00  INFO 96612 --- [uploader-service] [           main] .s.d.r.c.RepositoryConfigurationDelegate : Multiple Spring Data modules found, entering strict repository configuration mode
2025-07-14T14:13:18.314+01:00  INFO 96612 --- [uploader-service] [           main] .s.d.r.c.RepositoryConfigurationDelegate : Bootstrapping Spring Data JDBC repositories in DEFAULT mode.
2025-07-14T14:13:18.369+01:00  INFO 96612 --- [uploader-service] [           main] .RepositoryConfigurationExtensionSupport : Spring Data JDBC - Could not safely identify store assignment for repository candidate interface herve.pro.intergiciel.uploader.Respository.RepositoryUploader; If you want this repository to be a JDBC repository, consider annotating your entities with one of these annotations: org.springframework.data.relational.core.mapping.Table.
2025-07-14T14:13:18.370+01:00  INFO 96612 --- [uploader-service] [           main] .s.d.r.c.RepositoryConfigurationDelegate : Finished Spring Data repository scanning in 46 ms. Found 0 JDBC repository interfaces.
2025-07-14T14:13:18.383+01:00  INFO 96612 --- [uploader-service] [           main] .s.d.r.c.RepositoryConfigurationDelegate : Multiple Spring Data modules found, entering strict repository configuration mode
2025-07-14T14:13:18.384+01:00  INFO 96612 --- [uploader-service] [           main] .s.d.r.c.RepositoryConfigurationDelegate : Bootstrapping Spring Data JPA repositories in DEFAULT mode.
2025-07-14T14:13:18.658+01:00  INFO 96612 --- [uploader-service] [           main] .s.d.r.c.RepositoryConfigurationDelegate : Finished Spring Data repository scanning in 262 ms. Found 1 JPA repository interface.
2025-07-14T14:13:18.984+01:00  INFO 96612 --- [uploader-service] [           main] o.s.cloud.context.scope.GenericScope     : BeanFactory id=fd67ba66-8a13-3cc0-b87d-9ed31478c9dd
2025-07-14T14:13:20.511+01:00  INFO 96612 --- [uploader-service] [           main] o.s.b.w.embedded.tomcat.TomcatWebServer  : Tomcat initialized with port 8007 (http)
2025-07-14T14:13:20.544+01:00  INFO 96612 --- [uploader-service] [           main] o.apache.catalina.core.StandardService   : Starting service [Tomcat]
2025-07-14T14:13:20.544+01:00  INFO 96612 --- [uploader-service] [           main] o.apache.catalina.core.StandardEngine    : Starting Servlet engine: [Apache Tomcat/10.1.39]
2025-07-14T14:13:20.659+01:00  INFO 96612 --- [uploader-service] [           main] o.a.c.c.C.[Tomcat].[localhost].[/]       : Initializing Spring embedded WebApplicationContext
2025-07-14T14:13:20.661+01:00  INFO 96612 --- [uploader-service] [           main] w.s.c.ServletWebServerApplicationContext : Root WebApplicationContext: initialization completed in 4586 ms
2025-07-14T14:13:21.288+01:00  INFO 96612 --- [uploader-service] [           main] o.hibernate.jpa.internal.util.LogHelper  : HHH000204: Processing PersistenceUnitInfo [name: default]
2025-07-14T14:13:21.370+01:00  INFO 96612 --- [uploader-service] [           main] org.hibernate.Version                    : HHH000412: Hibernate ORM core version 6.6.11.Final
2025-07-14T14:13:21.423+01:00  INFO 96612 --- [uploader-service] [           main] o.h.c.internal.RegionFactoryInitiator    : HHH000026: Second-level cache disabled
2025-07-14T14:13:21.798+01:00  INFO 96612 --- [uploader-service] [           main] o.s.o.j.p.SpringPersistenceUnitInfo      : No LoadTimeWeaver setup: ignoring JPA class transformer
2025-07-14T14:13:21.844+01:00  INFO 96612 --- [uploader-service] [           main] com.zaxxer.hikari.HikariDataSource       : HikariPool-1 - Starting...
2025-07-14T14:13:22.601+01:00  INFO 96612 --- [uploader-service] [           main] com.zaxxer.hikari.pool.HikariPool        : HikariPool-1 - Added connection com.mysql.cj.jdbc.ConnectionImpl@2eb03908
2025-07-14T14:13:22.603+01:00  INFO 96612 --- [uploader-service] [           main] com.zaxxer.hikari.HikariDataSource       : HikariPool-1 - Start completed.
2025-07-14T14:13:22.639+01:00  WARN 96612 --- [uploader-service] [           main] org.hibernate.orm.deprecation            : HHH90000025: MySQL8Dialect does not need to be specified explicitly using 'hibernate.dialect' (remove the property setting and it will be selected by default)
2025-07-14T14:13:22.640+01:00  WARN 96612 --- [uploader-service] [           main] org.hibernate.orm.deprecation            : HHH90000026: MySQL8Dialect has been deprecated; use org.hibernate.dialect.MySQLDialect instead
2025-07-14T14:13:22.665+01:00  INFO 96612 --- [uploader-service] [           main] org.hibernate.orm.connections.pooling    : HHH10001005: Database info:
	Database JDBC URL [Connecting through datasource 'HikariDataSource (HikariPool-1)']
	Database driver: undefined/unknown
	Database version: 8.0
	Autocommit mode: undefined/unknown
	Isolation level: undefined/unknown
	Minimum pool size: undefined/unknown
	Maximum pool size: undefined/unknown
2025-07-14T14:13:23.693+01:00  INFO 96612 --- [uploader-service] [           main] o.h.e.t.j.p.i.JtaPlatformInitiator       : HHH000489: No JTA platform available (set 'hibernate.transaction.jta.platform' to enable JTA platform integration)
2025-07-14T14:13:23.768+01:00  INFO 96612 --- [uploader-service] [           main] j.LocalContainerEntityManagerFactoryBean : Initialized JPA EntityManagerFactory for persistence unit 'default'
2025-07-14T14:13:24.397+01:00  WARN 96612 --- [uploader-service] [           main] JpaBaseConfiguration$JpaWebConfiguration : spring.jpa.open-in-view is enabled by default. Therefore, database queries may be performed during view rendering. Explicitly configure spring.jpa.open-in-view to disable this warning
2025-07-14T14:13:25.684+01:00  INFO 96612 --- [uploader-service] [           main] DiscoveryClientOptionalArgsConfiguration : Eureka HTTP Client uses RestTemplate.
2025-07-14T14:13:25.736+01:00  WARN 96612 --- [uploader-service] [           main] iguration$LoadBalancerCaffeineWarnLogger : Spring Cloud LoadBalancer is currently working with the default cache. While this cache implementation is useful for development and tests, it's recommended to use Caffeine cache in production.You can switch to using Caffeine cache, by adding it and org.springframework.cache.caffeine.CaffeineCacheManager to the classpath.
2025-07-14T14:13:25.756+01:00  INFO 96612 --- [uploader-service] [           main] o.s.b.a.e.web.EndpointLinksResolver      : Exposing 1 endpoint beneath base path '/actuator'
2025-07-14T14:13:25.844+01:00  INFO 96612 --- [uploader-service] [           main] o.s.c.n.eureka.InstanceInfoFactory       : Setting initial instance status as: STARTING
2025-07-14T14:13:25.867+01:00  INFO 96612 --- [uploader-service] [           main] com.netflix.discovery.DiscoveryClient    : Initializing Eureka in region us-east-1
2025-07-14T14:13:25.870+01:00  INFO 96612 --- [uploader-service] [           main] c.n.d.s.r.aws.ConfigClusterResolver      : Resolving eureka endpoints via configuration
2025-07-14T14:13:25.878+01:00  INFO 96612 --- [uploader-service] [           main] com.netflix.discovery.DiscoveryClient    : Disable delta property : false
2025-07-14T14:13:25.878+01:00  INFO 96612 --- [uploader-service] [           main] com.netflix.discovery.DiscoveryClient    : Single vip registry refresh property : null
2025-07-14T14:13:25.878+01:00  INFO 96612 --- [uploader-service] [           main] com.netflix.discovery.DiscoveryClient    : Force full registry fetch : false
2025-07-14T14:13:25.878+01:00  INFO 96612 --- [uploader-service] [           main] com.netflix.discovery.DiscoveryClient    : Application is null : false
2025-07-14T14:13:25.878+01:00  INFO 96612 --- [uploader-service] [           main] com.netflix.discovery.DiscoveryClient    : Registered Applications size is zero : true
2025-07-14T14:13:25.878+01:00  INFO 96612 --- [uploader-service] [           main] com.netflix.discovery.DiscoveryClient    : Application version is -1: true
2025-07-14T14:13:25.878+01:00  INFO 96612 --- [uploader-service] [           main] com.netflix.discovery.DiscoveryClient    : Getting all instance registry info from the eureka server
2025-07-14T14:13:26.134+01:00  INFO 96612 --- [uploader-service] [           main] com.netflix.discovery.DiscoveryClient    : The response status is 200
2025-07-14T14:13:26.136+01:00  INFO 96612 --- [uploader-service] [           main] com.netflix.discovery.DiscoveryClient    : Starting heartbeat executor: renew interval is: 30
2025-07-14T14:13:26.137+01:00  INFO 96612 --- [uploader-service] [           main] c.n.discovery.InstanceInfoReplicator     : InstanceInfoReplicator onDemand update allowed rate per min is 4
2025-07-14T14:13:26.139+01:00  INFO 96612 --- [uploader-service] [           main] com.netflix.discovery.DiscoveryClient    : Discovery Client initialized at timestamp 1752498806138 with initial instances count: 2
2025-07-14T14:13:26.145+01:00  INFO 96612 --- [uploader-service] [           main] o.s.c.n.e.s.EurekaServiceRegistry        : Registering application UPLOADER-SERVICE with eureka with status UP
2025-07-14T14:13:26.146+01:00  INFO 96612 --- [uploader-service] [           main] com.netflix.discovery.DiscoveryClient    : Saw local status change event StatusChangeEvent [timestamp=1752498806146, current=UP, previous=STARTING]
2025-07-14T14:13:26.147+01:00  INFO 96612 --- [uploader-service] [foReplicator-%d] com.netflix.discovery.DiscoveryClient    : DiscoveryClient_UPLOADER-SERVICE/192.168.81.203:uploader-service:8007: registering service...
2025-07-14T14:13:26.170+01:00  INFO 96612 --- [uploader-service] [           main] o.s.b.w.embedded.tomcat.TomcatWebServer  : Tomcat started on port 8007 (http) with context path '/'
2025-07-14T14:13:26.171+01:00  INFO 96612 --- [uploader-service] [           main] .s.c.n.e.s.EurekaAutoServiceRegistration : Updating port to 8007
2025-07-14T14:13:26.194+01:00  INFO 96612 --- [uploader-service] [foReplicator-%d] com.netflix.discovery.DiscoveryClient    : DiscoveryClient_UPLOADER-SERVICE/192.168.81.203:uploader-service:8007 - registration status: 204
2025-07-14T14:13:26.198+01:00  INFO 96612 --- [uploader-service] [           main] h.p.i.uploader.UploaderApplication       : Started UploaderApplication in 12.862 seconds (process running for 14.43)
2025-07-14T14:18:25.868+01:00  INFO 96612 --- [uploader-service] [rap-executor-%d] c.n.d.s.r.aws.ConfigClusterResolver      : Resolving eureka endpoints via configuration
2025-07-14T14:23:25.857+01:00  INFO 96612 --- [uploader-service] [rap-executor-%d] c.n.d.s.r.aws.ConfigClusterResolver      : Resolving eureka endpoints via configuration
2025-07-14T14:27:52.530+01:00  WARN 96612 --- [uploader-service] [l-1 housekeeper] com.zaxxer.hikari.pool.HikariPool        : HikariPool-1 - Retrograde clock change detected (housekeeper delta=29s789ms), soft-evicting connections from pool.
2025-07-14T14:28:25.629+01:00  INFO 96612 --- [uploader-service] [rap-executor-%d] c.n.d.s.r.aws.ConfigClusterResolver      : Resolving eureka endpoints via configuration
2025-07-14T14:33:25.615+01:00  INFO 96612 --- [uploader-service] [rap-executor-%d] c.n.d.s.r.aws.ConfigClusterResolver      : Resolving eureka endpoints via configuration
2025-07-14T14:38:25.604+01:00  INFO 96612 --- [uploader-service] [rap-executor-%d] c.n.d.s.r.aws.ConfigClusterResolver      : Resolving eureka endpoints via configuration
2025-07-14T14:43:25.621+01:00  INFO 96612 --- [uploader-service] [rap-executor-%d] c.n.d.s.r.aws.ConfigClusterResolver      : Resolving eureka endpoints via configuration
2025-07-14T14:48:25.608+01:00  INFO 96612 --- [uploader-service] [rap-executor-%d] c.n.d.s.r.aws.ConfigClusterResolver      : Resolving eureka endpoints via configuration
2025-07-14T14:53:25.598+01:00  INFO 96612 --- [uploader-service] [rap-executor-%d] c.n.d.s.r.aws.ConfigClusterResolver      : Resolving eureka endpoints via configuration
2025-07-14T14:57:52.493+01:00  WARN 96612 --- [uploader-service] [l-1 housekeeper] com.zaxxer.hikari.pool.HikariPool        : HikariPool-1 - Retrograde clock change detected (housekeeper delta=29s825ms), soft-evicting connections from pool.
2025-07-14T14:58:25.411+01:00  INFO 96612 --- [uploader-service] [rap-executor-%d] c.n.d.s.r.aws.ConfigClusterResolver      : Resolving eureka endpoints via configuration
2025-07-14T15:03:25.396+01:00  INFO 96612 --- [uploader-service] [rap-executor-%d] c.n.d.s.r.aws.ConfigClusterResolver      : Resolving eureka endpoints via configuration
2025-07-14T15:08:25.384+01:00  INFO 96612 --- [uploader-service] [rap-executor-%d] c.n.d.s.r.aws.ConfigClusterResolver      : Resolving eureka endpoints via configuration
2025-07-14T15:13:25.312+01:00  INFO 96612 --- [uploader-service] [rap-executor-%d] c.n.d.s.r.aws.ConfigClusterResolver      : Resolving eureka endpoints via configuration
2025-07-14T15:18:25.298+01:00  INFO 96612 --- [uploader-service] [rap-executor-%d] c.n.d.s.r.aws.ConfigClusterResolver      : Resolving eureka endpoints via configuration
2025-07-14T15:23:25.285+01:00  INFO 96612 --- [uploader-service] [rap-executor-%d] c.n.d.s.r.aws.ConfigClusterResolver      : Resolving eureka endpoints via configuration
2025-07-14T15:28:25.630+01:00  INFO 96612 --- [uploader-service] [rap-executor-%d] c.n.d.s.r.aws.ConfigClusterResolver      : Resolving eureka endpoints via configuration
2025-07-14T15:33:25.644+01:00  INFO 96612 --- [uploader-service] [rap-executor-%d] c.n.d.s.r.aws.ConfigClusterResolver      : Resolving eureka endpoints via configuration
2025-07-14T15:38:25.658+01:00  INFO 96612 --- [uploader-service] [rap-executor-%d] c.n.d.s.r.aws.ConfigClusterResolver      : Resolving eureka endpoints via configuration
2025-07-14T15:43:25.880+01:00  INFO 96612 --- [uploader-service] [rap-executor-%d] c.n.d.s.r.aws.ConfigClusterResolver      : Resolving eureka endpoints via configuration
2025-07-14T15:48:25.893+01:00  INFO 96612 --- [uploader-service] [rap-executor-%d] c.n.d.s.r.aws.ConfigClusterResolver      : Resolving eureka endpoints via configuration
2025-07-14T15:53:25.907+01:00  INFO 96612 --- [uploader-service] [rap-executor-%d] c.n.d.s.r.aws.ConfigClusterResolver      : Resolving eureka endpoints via configuration
2025-07-14T15:58:26.018+01:00  INFO 96612 --- [uploader-service] [rap-executor-%d] c.n.d.s.r.aws.ConfigClusterResolver      : Resolving eureka endpoints via configuration
2025-07-14T16:03:26.029+01:00  INFO 96612 --- [uploader-service] [rap-executor-%d] c.n.d.s.r.aws.ConfigClusterResolver      : Resolving eureka endpoints via configuration
2025-07-14T16:08:26.043+01:00  INFO 96612 --- [uploader-service] [rap-executor-%d] c.n.d.s.r.aws.ConfigClusterResolver      : Resolving eureka endpoints via configuration
2025-07-14T16:13:26.077+01:00  INFO 96612 --- [uploader-service] [rap-executor-%d] c.n.d.s.r.aws.ConfigClusterResolver      : Resolving eureka endpoints via configuration
2025-07-14T16:18:26.091+01:00  INFO 96612 --- [uploader-service] [rap-executor-%d] c.n.d.s.r.aws.ConfigClusterResolver      : Resolving eureka endpoints via configuration
2025-07-14T16:23:26.103+01:00  INFO 96612 --- [uploader-service] [rap-executor-%d] c.n.d.s.r.aws.ConfigClusterResolver      : Resolving eureka endpoints via configuration
2025-07-14T16:28:26.062+01:00  INFO 96612 --- [uploader-service] [rap-executor-%d] c.n.d.s.r.aws.ConfigClusterResolver      : Resolving eureka endpoints via configuration
2025-07-14T16:33:26.070+01:00  INFO 96612 --- [uploader-service] [rap-executor-%d] c.n.d.s.r.aws.ConfigClusterResolver      : Resolving eureka endpoints via configuration
2025-07-14T16:38:26.079+01:00  INFO 96612 --- [uploader-service] [rap-executor-%d] c.n.d.s.r.aws.ConfigClusterResolver      : Resolving eureka endpoints via configuration
2025-07-14T16:43:26.067+01:00  INFO 96612 --- [uploader-service] [rap-executor-%d] c.n.d.s.r.aws.ConfigClusterResolver      : Resolving eureka endpoints via configuration
2025-07-14T16:48:26.074+01:00  INFO 96612 --- [uploader-service] [rap-executor-%d] c.n.d.s.r.aws.ConfigClusterResolver      : Resolving eureka endpoints via configuration
2025-07-14T16:53:26.084+01:00  INFO 96612 --- [uploader-service] [rap-executor-%d] c.n.d.s.r.aws.ConfigClusterResolver      : Resolving eureka endpoints via configuration
2025-07-14T16:57:53.590+01:00  WARN 96612 --- [uploader-service] [l-1 housekeeper] com.zaxxer.hikari.pool.HikariPool        : HikariPool-1 - Retrograde clock change detected (housekeeper delta=29s754ms), soft-evicting connections from pool.
2025-07-14T16:58:25.844+01:00  INFO 96612 --- [uploader-service] [rap-executor-%d] c.n.d.s.r.aws.ConfigClusterResolver      : Resolving eureka endpoints via configuration
2025-07-14T17:03:25.841+01:00  INFO 96612 --- [uploader-service] [rap-executor-%d] c.n.d.s.r.aws.ConfigClusterResolver      : Resolving eureka endpoints via configuration
2025-07-14T17:08:25.836+01:00  INFO 96612 --- [uploader-service] [rap-executor-%d] c.n.d.s.r.aws.ConfigClusterResolver      : Resolving eureka endpoints via configuration
2025-07-14T17:13:25.793+01:00  INFO 96612 --- [uploader-service] [rap-executor-%d] c.n.d.s.r.aws.ConfigClusterResolver      : Resolving eureka endpoints via configuration
2025-07-14T17:18:25.782+01:00  INFO 96612 --- [uploader-service] [rap-executor-%d] c.n.d.s.r.aws.ConfigClusterResolver      : Resolving eureka endpoints via configuration
2025-07-14T17:23:25.779+01:00  INFO 96612 --- [uploader-service] [rap-executor-%d] c.n.d.s.r.aws.ConfigClusterResolver      : Resolving eureka endpoints via configuration
2025-07-14T17:28:25.774+01:00  INFO 96612 --- [uploader-service] [rap-executor-%d] c.n.d.s.r.aws.ConfigClusterResolver      : Resolving eureka endpoints via configuration
2025-07-14T17:33:25.770+01:00  INFO 96612 --- [uploader-service] [rap-executor-%d] c.n.d.s.r.aws.ConfigClusterResolver      : Resolving eureka endpoints via configuration
2025-07-14T17:38:25.762+01:00  INFO 96612 --- [uploader-service] [rap-executor-%d] c.n.d.s.r.aws.ConfigClusterResolver      : Resolving eureka endpoints via configuration
2025-07-14T17:43:25.757+01:00  INFO 96612 --- [uploader-service] [rap-executor-%d] c.n.d.s.r.aws.ConfigClusterResolver      : Resolving eureka endpoints via configuration
2025-07-14T17:48:25.752+01:00  INFO 96612 --- [uploader-service] [rap-executor-%d] c.n.d.s.r.aws.ConfigClusterResolver      : Resolving eureka endpoints via configuration
2025-07-14T17:53:25.744+01:00  INFO 96612 --- [uploader-service] [rap-executor-%d] c.n.d.s.r.aws.ConfigClusterResolver      : Resolving eureka endpoints via configuration
2025-07-14T17:57:53.662+01:00  WARN 96612 --- [uploader-service] [l-1 housekeeper] com.zaxxer.hikari.pool.HikariPool        : HikariPool-1 - Retrograde clock change detected (housekeeper delta=29s842ms), soft-evicting connections from pool.
2025-07-14T17:58:25.573+01:00  INFO 96612 --- [uploader-service] [rap-executor-%d] c.n.d.s.r.aws.ConfigClusterResolver      : Resolving eureka endpoints via configuration
2025-07-14T18:03:25.558+01:00  INFO 96612 --- [uploader-service] [rap-executor-%d] c.n.d.s.r.aws.ConfigClusterResolver      : Resolving eureka endpoints via configuration
2025-07-14T18:08:25.543+01:00  INFO 96612 --- [uploader-service] [rap-executor-%d] c.n.d.s.r.aws.ConfigClusterResolver      : Resolving eureka endpoints via configuration
2025-07-14T18:13:25.720+01:00  INFO 96612 --- [uploader-service] [rap-executor-%d] c.n.d.s.r.aws.ConfigClusterResolver      : Resolving eureka endpoints via configuration
2025-07-14T18:18:25.714+01:00  INFO 96612 --- [uploader-service] [rap-executor-%d] c.n.d.s.r.aws.ConfigClusterResolver      : Resolving eureka endpoints via configuration
2025-07-14T18:23:25.710+01:00  INFO 96612 --- [uploader-service] [rap-executor-%d] c.n.d.s.r.aws.ConfigClusterResolver      : Resolving eureka endpoints via configuration
2025-07-14T18:28:25.696+01:00  INFO 96612 --- [uploader-service] [rap-executor-%d] c.n.d.s.r.aws.ConfigClusterResolver      : Resolving eureka endpoints via configuration
2025-07-14T18:33:25.689+01:00  INFO 96612 --- [uploader-service] [rap-executor-%d] c.n.d.s.r.aws.ConfigClusterResolver      : Resolving eureka endpoints via configuration
2025-07-14T18:38:25.680+01:00  INFO 96612 --- [uploader-service] [rap-executor-%d] c.n.d.s.r.aws.ConfigClusterResolver      : Resolving eureka endpoints via configuration
2025-07-14T18:43:25.655+01:00  INFO 96612 --- [uploader-service] [rap-executor-%d] c.n.d.s.r.aws.ConfigClusterResolver      : Resolving eureka endpoints via configuration
2025-07-14T18:48:25.645+01:00  INFO 96612 --- [uploader-service] [rap-executor-%d] c.n.d.s.r.aws.ConfigClusterResolver      : Resolving eureka endpoints via configuration
2025-07-14T18:53:25.638+01:00  INFO 96612 --- [uploader-service] [rap-executor-%d] c.n.d.s.r.aws.ConfigClusterResolver      : Resolving eureka endpoints via configuration
2025-07-14T18:58:25.622+01:00  INFO 96612 --- [uploader-service] [rap-executor-%d] c.n.d.s.r.aws.ConfigClusterResolver      : Resolving eureka endpoints via configuration
